#
# There is insufficient memory for the Java Runtime Environment to continue.
# Native memory allocation (malloc) failed to allocate 938096 bytes for Chunk::new
# Possible reasons:
#   The system is out of physical RAM or swap space
#   The process is running with CompressedOops enabled, and the Java Heap may be blocking the growth of the native heap
# Possible solutions:
#   Reduce memory load on the system
#   Increase physical memory or swap space
#   Check if swap backing store is full
#   Decrease Java heap size (-Xmx/-Xms)
#   Decrease number of Java threads
#   Decrease Java thread stack sizes (-Xss)
#   Set larger code cache with -XX:ReservedCodeCacheSize=
#   JVM is running with Unscaled Compressed Oops mode in which the Java heap is
#     placed in the first 4GB address space. The Java Heap base address is the
#     maximum limit for the native heap growth. Please use -XX:HeapBaseMinAddress
#     to set the Java Heap base and to place the Java Heap above 4GB virtual address.
# This output file may be truncated or incomplete.
#
#  Out of Memory Error (allocation.cpp:389), pid=30352, tid=0x0000000000006a24
#
# JRE version: OpenJDK Runtime Environment (8.0_242-b01) (build 1.8.0_242-release-1644-b01)
# Java VM: OpenJDK 64-Bit Server VM (25.242-b01 mixed mode windows-amd64 compressed oops)
# Failed to write core dump. Minidumps are not enabled by default on client versions of Windows
#

---------------  T H R E A D  ---------------

Current thread (0x000000001860e800):  JavaThread "C2 CompilerThread1" daemon [_thread_in_native, id=27172, stack(0x000000001ace0000,0x000000001ade0000)]

Stack: [0x000000001ace0000,0x000000001ade0000]
[error occurred during error reporting (printing stack bounds), id 0xc0000005]

Native frames: (J=compiled Java code, j=interpreted, Vv=VM code, C=native code)


Current CompileTask:
C2:3391479 22078       4       com.android.tools.r8.ir.regalloc.a::a (270 bytes)


---------------  P R O C E S S  ---------------

Java Threads: ( => current thread )
  0x0000000020626000 JavaThread "ForkJoinPool-5-worker-0" daemon [_thread_blocked, id=18364, stack(0x0000000031220000,0x0000000031320000)]
  0x0000000020629800 JavaThread "ForkJoinPool-5-worker-7" daemon [_thread_blocked, id=30348, stack(0x0000000031120000,0x0000000031220000)]
  0x0000000020624800 JavaThread "ForkJoinPool-5-worker-6" daemon [_thread_blocked, id=30620, stack(0x0000000031020000,0x0000000031120000)]
  0x000000001f078800 JavaThread "ForkJoinPool-5-worker-5" daemon [_thread_blocked, id=12404, stack(0x0000000030f20000,0x0000000031020000)]
  0x000000001f07c000 JavaThread "ForkJoinPool-5-worker-4" daemon [_thread_blocked, id=14808, stack(0x0000000030bb0000,0x0000000030cb0000)]
  0x0000000020b5c000 JavaThread "ForkJoinPool-5-worker-3" daemon [_thread_blocked, id=23592, stack(0x0000000030ab0000,0x0000000030bb0000)]
  0x0000000020b60000 JavaThread "ForkJoinPool-5-worker-2" daemon [_thread_in_Java, id=14632, stack(0x00000000309b0000,0x0000000030ab0000)]
  0x0000000020b5f000 JavaThread "ForkJoinPool-5-worker-1" daemon [_thread_blocked, id=2084, stack(0x0000000030660000,0x0000000030760000)]
  0x0000000020b5d000 JavaThread "Exec process Thread 34" [_thread_blocked, id=11160, stack(0x00000000308b0000,0x00000000309b0000)]
  0x0000000020b5e800 JavaThread "Exec process Thread 33" [_thread_blocked, id=23444, stack(0x00000000307b0000,0x00000000308b0000)]
  0x0000000020b5b800 JavaThread "Exec process Thread 32" [_thread_blocked, id=28832, stack(0x0000000030560000,0x0000000030660000)]
  0x0000000020b60800 JavaThread "Exec process Thread 31" [_thread_blocked, id=13988, stack(0x0000000030460000,0x0000000030560000)]
  0x0000000020b5a800 JavaThread "Exec process Thread 30" daemon [_thread_blocked, id=11348, stack(0x0000000030250000,0x0000000030350000)]
  0x0000000020b5d800 JavaThread "Exec process Thread 29" daemon [_thread_blocked, id=30756, stack(0x000000002e800000,0x000000002e900000)]
  0x0000000020b53000 JavaThread "Exec process Thread 28" [_thread_blocked, id=26736, stack(0x0000000030360000,0x0000000030460000)]
  0x0000000020b5a000 JavaThread "Exec process Thread 27" [_thread_blocked, id=10856, stack(0x000000002ed80000,0x000000002ee80000)]
  0x0000000020b52000 JavaThread "Exec process Thread 26" daemon [_thread_blocked, id=20568, stack(0x0000000028a70000,0x0000000028b70000)]
  0x0000000020b56000 JavaThread "ForkJoinPool.commonPool-worker-7" daemon [_thread_blocked, id=27404, stack(0x000000002ef80000,0x000000002f080000)]
  0x0000000020b58800 JavaThread "ForkJoinPool.commonPool-worker-6" daemon [_thread_blocked, id=8988, stack(0x000000002ee80000,0x000000002ef80000)]
  0x0000000020b57800 JavaThread "ForkJoinPool.commonPool-worker-4" daemon [_thread_blocked, id=29916, stack(0x000000002ec80000,0x000000002ed80000)]
  0x0000000020b54800 JavaThread "ForkJoinPool.commonPool-worker-3" daemon [_thread_blocked, id=5184, stack(0x000000002eb80000,0x000000002ec80000)]
  0x0000000020b54000 JavaThread "ForkJoinPool.commonPool-worker-2" daemon [_thread_blocked, id=11668, stack(0x000000002ea80000,0x000000002eb80000)]
  0x000000001f3fa800 JavaThread "ForkJoinPool.commonPool-worker-1" daemon [_thread_blocked, id=5884, stack(0x000000002e980000,0x000000002ea80000)]
  0x000000001f07d000 JavaThread "WorkerExecutor Queue Thread 10" [_thread_blocked, id=26040, stack(0x000000002b270000,0x000000002b370000)]
  0x000000001f985000 JavaThread "Cache worker for Java compile cache (F:\WorkAndroid\googleSerialPort\TestJni-uart1\.gradle\6.1.1\javaCompile)" [_thread_blocked, id=21304, stack(0x000000002b170000,0x000000002b270000)]
  0x000000001f984800 JavaThread "WorkerExecutor Queue Thread 9" [_thread_blocked, id=30220, stack(0x0000000028b70000,0x0000000028c70000)]
  0x000000001f983000 JavaThread "stdout" [_thread_in_native, id=22284, stack(0x000000002c470000,0x000000002c570000)]
  0x000000001f982000 JavaThread "stderr" [_thread_in_native, id=31488, stack(0x000000002c370000,0x000000002c470000)]
  0x000000001f981800 JavaThread "stdout" [_thread_in_native, id=26764, stack(0x000000002cec0000,0x000000002cfc0000)]
  0x000000001f988000 JavaThread "stderr" [_thread_in_native, id=20536, stack(0x000000002cdc0000,0x000000002cec0000)]
  0x000000001f987800 JavaThread "stdout" [_thread_in_native, id=17052, stack(0x000000002ccc0000,0x000000002cdc0000)]
  0x000000001f986000 JavaThread "stderr" [_thread_in_native, id=26400, stack(0x000000002cbc0000,0x000000002ccc0000)]
  0x000000001f986800 JavaThread "stdout" [_thread_in_native, id=15340, stack(0x000000002cac0000,0x000000002cbc0000)]
  0x000000001d08b000 JavaThread "stderr" [_thread_in_native, id=31088, stack(0x000000002c7b0000,0x000000002c8b0000)]
  0x000000001d089000 JavaThread "stdout" [_thread_in_native, id=22820, stack(0x000000002c9c0000,0x000000002cac0000)]
  0x000000001d086000 JavaThread "stderr" [_thread_in_native, id=23360, stack(0x000000002c8c0000,0x000000002c9c0000)]
  0x000000001f083800 JavaThread "stdout" [_thread_in_native, id=10264, stack(0x000000002c6b0000,0x000000002c7b0000)]
  0x000000001f082000 JavaThread "stderr" [_thread_in_native, id=11032, stack(0x000000002c5b0000,0x000000002c6b0000)]
  0x000000001f080800 JavaThread "stdout" [_thread_in_native, id=28748, stack(0x0000000029270000,0x0000000029370000)]
  0x000000001f077800 JavaThread "stderr" [_thread_in_native, id=26728, stack(0x0000000029170000,0x0000000029270000)]
  0x000000001f07e800 JavaThread "pool-8-thread-1" [_thread_blocked, id=7548, stack(0x0000000029aa0000,0x0000000029ba0000)]
  0x000000001f077000 JavaThread "WorkerExecutor Queue Thread 8" [_thread_blocked, id=30748, stack(0x0000000029070000,0x0000000029170000)]
  0x000000001f07b800 JavaThread "WorkerExecutor Queue Thread 7" [_thread_blocked, id=15992, stack(0x0000000028f70000,0x0000000029070000)]
  0x000000001f079000 JavaThread "WorkerExecutor Queue Thread 6" [_thread_blocked, id=19884, stack(0x0000000028e70000,0x0000000028f70000)]
  0x000000001f07a800 JavaThread "WorkerExecutor Queue Thread 5" [_thread_blocked, id=24960, stack(0x0000000028d70000,0x0000000028e70000)]
  0x000000001f07d800 JavaThread "WorkerExecutor Queue Thread 4" [_thread_blocked, id=7048, stack(0x0000000028c70000,0x0000000028d70000)]
  0x000000001f3fe000 JavaThread "WorkerExecutor Queue" [_thread_blocked, id=16856, stack(0x0000000028970000,0x0000000028a70000)]
  0x000000001f3fd800 JavaThread "Exec process Thread 25" [_thread_blocked, id=28500, stack(0x0000000028870000,0x0000000028970000)]
  0x000000001f3fc800 JavaThread "Exec process Thread 24" [_thread_blocked, id=31368, stack(0x0000000028370000,0x0000000028470000)]
  0x000000001f401000 JavaThread "Exec process Thread 23" [_thread_blocked, id=27604, stack(0x0000000028270000,0x0000000028370000)]
  0x000000001f403800 JavaThread "Cache worker for execution history cache (F:\WorkAndroid\googleSerialPort\TestJni-uart1\.gradle\6.1.1\executionHistory)" [_thread_blocked, id=13000, stack(0x0000000028170000,0x0000000028270000)]
  0x000000001f402800 JavaThread "Execution worker for ':' Thread 7" [_thread_blocked, id=29596, stack(0x0000000028070000,0x0000000028170000)]
  0x000000001f402000 JavaThread "Execution worker for ':' Thread 6" [_thread_blocked, id=17956, stack(0x0000000027f70000,0x0000000028070000)]
  0x000000001f3f6800 JavaThread "Execution worker for ':' Thread 5" [_thread_blocked, id=31428, stack(0x0000000027e70000,0x0000000027f70000)]
  0x000000001f3f5000 JavaThread "Execution worker for ':' Thread 4" [_thread_blocked, id=29512, stack(0x0000000027d70000,0x0000000027e70000)]
  0x000000001f3fc000 JavaThread "Execution worker for ':' Thread 3" [_thread_blocked, id=15912, stack(0x0000000027a70000,0x0000000027b70000)]
  0x000000001f3f4800 JavaThread "Execution worker for ':' Thread 2" [_thread_blocked, id=368, stack(0x0000000027530000,0x0000000027630000)]
  0x000000001f3f7800 JavaThread "Execution worker for ':'" [_thread_blocked, id=28560, stack(0x0000000027430000,0x0000000027530000)]
  0x000000001f3fb000 JavaThread "Cache worker for file content cache (F:\WorkAndroid\googleSerialPort\TestJni-uart1\.gradle\6.1.1\fileContent)" [_thread_blocked, id=27140, stack(0x0000000026af0000,0x0000000026bf0000)]
  0x000000001f3f8000 JavaThread "Cache worker for Build Output Cleanup Cache (F:\WorkAndroid\googleSerialPort\TestJni-uart1\.gradle\buildOutputCleanup)" [_thread_blocked, id=26856, stack(0x00000000263f0000,0x00000000264f0000)]
  0x000000001f3f9800 JavaThread "Build operations Thread 8" [_thread_blocked, id=17284, stack(0x00000000251e0000,0x00000000252e0000)]
  0x000000001a7bf800 JavaThread "Build operations Thread 7" [_thread_blocked, id=14952, stack(0x00000000250e0000,0x00000000251e0000)]
  0x000000001a7bf000 JavaThread "Build operations Thread 6" [_thread_blocked, id=18592, stack(0x0000000024fe0000,0x00000000250e0000)]
  0x000000001a7be000 JavaThread "Build operations Thread 5" [_thread_blocked, id=5684, stack(0x0000000024ee0000,0x0000000024fe0000)]
  0x000000001a7c0800 JavaThread "Build operations Thread 4" [_thread_blocked, id=23088, stack(0x0000000024de0000,0x0000000024ee0000)]
  0x000000001a7c4000 JavaThread "Build operations Thread 3" [_thread_blocked, id=28284, stack(0x0000000024ce0000,0x0000000024de0000)]
  0x000000001a7c2800 JavaThread "Build operations Thread 2" [_thread_blocked, id=23220, stack(0x0000000022f20000,0x0000000023020000)]
  0x000000001a7c1000 JavaThread "Build operations" [_thread_blocked, id=21644, stack(0x00000000216d0000,0x00000000217d0000)]
  0x000000001a7c3800 JavaThread "Cache worker for cache directory md-rule (C:\Users\lenovo\.gradle\caches\6.1.1\md-rule)" [_thread_blocked, id=3028, stack(0x00000000215d0000,0x00000000216d0000)]
  0x000000001a7b6800 JavaThread "Cache worker for cache directory md-supplier (C:\Users\lenovo\.gradle\caches\6.1.1\md-supplier)" [_thread_blocked, id=25864, stack(0x00000000214d0000,0x00000000215d0000)]
  0x000000001a7bd800 JavaThread "Cache worker for file hash cache (F:\WorkAndroid\googleSerialPort\TestJni-uart1\.gradle\6.1.1\fileHashes)" [_thread_blocked, id=25332, stack(0x00000000213d0000,0x00000000214d0000)]
  0x000000001a7b5000 JavaThread "Cache worker for checksums cache (F:\WorkAndroid\googleSerialPort\TestJni-uart1\.gradle\checksums)" [_thread_blocked, id=17316, stack(0x00000000210d0000,0x00000000211d0000)]
  0x000000001a7bc000 JavaThread "Thread-183" [_thread_blocked, id=26360, stack(0x000000001e930000,0x000000001ea30000)]
  0x000000001a7bb000 JavaThread "Stdin handler" [_thread_blocked, id=31140, stack(0x000000001e730000,0x000000001e830000)]
  0x000000001a7ba800 JavaThread "Asynchronous log dispatcher for DefaultDaemonConnection: socket connection from /127.0.0.1:54585 to /127.0.0.1:56343" [_thread_blocked, id=28208, stack(0x000000001e530000,0x000000001e630000)]
  0x000000001a7b8000 JavaThread "Cancel handler" [_thread_blocked, id=17464, stack(0x000000001e330000,0x000000001e430000)]
  0x000000001a7b9800 JavaThread "Handler for socket connection from /127.0.0.1:54585 to /127.0.0.1:56343" [_thread_in_native, id=8800, stack(0x000000001e030000,0x000000001e130000)]
  0x000000001f07a000 JavaThread "Daemon worker Thread 4" [_thread_blocked, id=10180, stack(0x000000001e430000,0x000000001e530000)]
  0x000000001f076000 JavaThread "Daemon Thread 4" [_thread_blocked, id=3960, stack(0x000000001df30000,0x000000001e030000)]
  0x000000001a7c2000 JavaThread "Cache worker for Java compile cache (C:\Users\lenovo\.gradle\caches\6.1.1\javaCompile)" [_thread_blocked, id=5760, stack(0x00000000299a0000,0x0000000029aa0000)]
  0x000000001f081800 JavaThread "MarlinRenderer Disposer" daemon [_thread_blocked, id=29728, stack(0x0000000028570000,0x0000000028670000)]
  0x000000001f083000 JavaThread "Java2D Disposer" daemon [_thread_blocked, id=23556, stack(0x0000000028470000,0x0000000028570000)]
  0x000000001f400800 JavaThread "Cache worker for file content cache (C:\Users\lenovo\.gradle\caches\6.1.1\fileContent)" [_thread_blocked, id=13012, stack(0x0000000025940000,0x0000000025a40000)]
  0x000000001f3ff800 JavaThread "Memory manager" [_thread_blocked, id=10676, stack(0x0000000025e70000,0x0000000025f70000)]
  0x000000001d087800 JavaThread "Cache worker for execution history cache (C:\Users\lenovo\.gradle\caches\6.1.1\executionHistory)" [_thread_blocked, id=14016, stack(0x0000000022a20000,0x0000000022b20000)]
  0x000000001d085000 JavaThread "Cache worker for file hash cache (C:\Users\lenovo\.gradle\caches\6.1.1\fileHashes)" [_thread_blocked, id=27888, stack(0x000000001ee30000,0x000000001ef30000)]
  0x000000001d084800 JavaThread "File lock request listener" [_thread_in_native, id=22376, stack(0x000000001ed30000,0x000000001ee30000)]
  0x000000001cf7d800 JavaThread "Cache worker for journal cache (C:\Users\lenovo\.gradle\caches\journal-1)" [_thread_blocked, id=10724, stack(0x000000001ec30000,0x000000001ed30000)]
  0x000000001ce62000 JavaThread "Daemon periodic checks" [_thread_blocked, id=21044, stack(0x000000001de30000,0x000000001df30000)]
  0x000000001ce60800 JavaThread "Incoming local TCP Connector on port 54585" [_thread_in_native, id=25596, stack(0x000000001dc80000,0x000000001dd80000)]
  0x000000001cdf5800 JavaThread "Daemon health stats" [_thread_blocked, id=29140, stack(0x000000001db80000,0x000000001dc80000)]
  0x000000001a503000 JavaThread "Service Thread" daemon [_thread_blocked, id=6020, stack(0x000000001afe0000,0x000000001b0e0000)]
  0x000000001a477800 JavaThread "C1 CompilerThread3" daemon [_thread_blocked, id=9236, stack(0x000000001aee0000,0x000000001afe0000)]
  0x000000001a473800 JavaThread "C2 CompilerThread2" daemon [_thread_in_native, id=21916, stack(0x000000001ade0000,0x000000001aee0000)]
=>0x000000001860e800 JavaThread "C2 CompilerThread1" daemon [_thread_in_native, id=27172, stack(0x000000001ace0000,0x000000001ade0000)]
  0x000000001860b000 JavaThread "C2 CompilerThread0" daemon [_thread_in_native, id=28460, stack(0x000000001abe0000,0x000000001ace0000)]
  0x000000001a470000 JavaThread "Attach Listener" daemon [_thread_blocked, id=16580, stack(0x000000001aae0000,0x000000001abe0000)]
  0x000000001a41d800 JavaThread "Signal Dispatcher" daemon [_thread_blocked, id=19384, stack(0x000000001a9e0000,0x000000001aae0000)]
  0x000000000358e000 JavaThread "Finalizer" daemon [_thread_blocked, id=14144, stack(0x000000001a8e0000,0x000000001a9e0000)]
  0x0000000003585000 JavaThread "Reference Handler" daemon [_thread_blocked, id=27980, stack(0x000000001a7e0000,0x000000001a8e0000)]
  0x000000000347e000 JavaThread "main" [_thread_blocked, id=11588, stack(0x00000000032d0000,0x00000000033d0000)]

Other Threads:
  0x00000000185f8800 VMThread [stack: 0x000000001a2e0000,0x000000001a3e0000] [id=30064]
  0x000000001a503800 WatcherThread [stack: 0x000000001b0e0000,0x000000001b1e0000] [id=23396]

VM state:not at safepoint (normal execution)

VM Mutex/Monitor currently owned by a thread: None

heap address: 0x0000000080000000, size: 2048 MB, Compressed Oops mode: 32-bit
Narrow klass base: 0x0000000000000000, Narrow klass shift: 3
Compressed class space size: 1073741824 Address: 0x0000000100000000

Heap:
 PSYoungGen      total 562176K, used 146653K [0x00000000d5580000, 0x00000000fa100000, 0x0000000100000000)
  eden space 531456K, 22% used [0x00000000d5580000,0x00000000dc94ebe0,0x00000000f5c80000)
  from space 30720K, 91% used [0x00000000f7d80000,0x00000000f98e8c08,0x00000000f9b80000)
  to   space 33792K, 0% used [0x00000000f5c80000,0x00000000f5c80000,0x00000000f7d80000)
 ParOldGen       total 294912K, used 62464K [0x0000000080000000, 0x0000000092000000, 0x00000000d5580000)
  object space 294912K, 21% used [0x0000000080000000,0x0000000083d00190,0x0000000092000000)
 Metaspace       used 104454K, capacity 110759K, committed 110936K, reserved 1144832K
  class space    used 13390K, capacity 14551K, committed 14720K, reserved 1048576K

Card table byte_map: [0x0000000012950000,0x0000000012d60000] byte_map_base: 0x0000000012550000

Marking Bits: (ParMarkBitMap*) 0x000000006bd0f030
 Begin Bits: [0x0000000013810000, 0x0000000015810000)
 End Bits:   [0x0000000015810000, 0x0000000017810000)

Polling page: 0x0000000001250000

CodeCache: size=245760Kb used=63126Kb max_used=63176Kb free=182633Kb
 bounds [0x0000000003590000, 0x00000000073a0000, 0x0000000012590000]
 total_blobs=19774 nmethods=18736 adapters=946
 compilation: enabled

Compilation events (10 events):
Event: 3391.320 Thread 0x000000001a477800 22756 %     3       com.android.tools.r8.dex.r::a @ 138 (246 bytes)
Event: 3391.322 Thread 0x000000001a477800 nmethod 22756% 0x0000000006d224d0 code [0x0000000006d22a00, 0x0000000006d25bf8]
Event: 3391.322 Thread 0x000000001a477800 22757       3       com.android.tools.r8.dex.r::a (246 bytes)
Event: 3391.326 Thread 0x000000001a477800 nmethod 22757 0x0000000006b05210 code [0x0000000006b05740, 0x0000000006b08878]
Event: 3391.330 Thread 0x000000001860b000 nmethod 22751 0x000000000737ef10 code [0x000000000737f140, 0x00000000073815e8]
Event: 3391.330 Thread 0x000000001860b000 22758       4       com.android.tools.r8.v.a.a.a.h.F0::containsKey (74 bytes)
Event: 3391.332 Thread 0x000000001860b000 nmethod 22758 0x0000000005086c90 code [0x0000000005086de0, 0x0000000005087028]
Event: 3391.332 Thread 0x000000001860b000 22759       4       com.android.tools.r8.v.a.a.a.h.K::containsKey (80 bytes)
Event: 3391.335 Thread 0x000000001860b000 nmethod 22759 0x0000000006d20610 code [0x0000000006d20760, 0x0000000006d20978]
Event: 3391.335 Thread 0x000000001860b000 21864       4       com.android.tools.r8.ir.analysis.type.t::a (211 bytes)

GC Heap History (10 events):
Event: 3386.777 GC heap before
{Heap before GC invocations=22 (full 4):
 PSYoungGen      total 350208K, used 343254K [0x00000000d5580000, 0x00000000ef600000, 0x0000000100000000)
  eden space 323072K, 100% used [0x00000000d5580000,0x00000000e9100000,0x00000000e9100000)
  from space 27136K, 74% used [0x00000000e9100000,0x00000000ea4b5a78,0x00000000eab80000)
  to   space 28160K, 0% used [0x00000000eda80000,0x00000000eda80000,0x00000000ef600000)
 ParOldGen       total 294912K, used 48895K [0x0000000080000000, 0x0000000092000000, 0x00000000d5580000)
  object space 294912K, 16% used [0x0000000080000000,0x0000000082fbfc70,0x0000000092000000)
 Metaspace       used 103041K, capacity 109201K, committed 109528K, reserved 1144832K
  class space    used 13303K, capacity 14458K, committed 14592K, reserved 1048576K
Event: 3386.797 GC heap after
Heap after GC invocations=22 (full 4):
 PSYoungGen      total 397312K, used 22011K [0x00000000d5580000, 0x00000000f0280000, 0x0000000100000000)
  eden space 369152K, 0% used [0x00000000d5580000,0x00000000d5580000,0x00000000ebe00000)
  from space 28160K, 78% used [0x00000000eda80000,0x00000000eeffed80,0x00000000ef600000)
  to   space 29184K, 0% used [0x00000000ebe00000,0x00000000ebe00000,0x00000000eda80000)
 ParOldGen       total 294912K, used 48903K [0x0000000080000000, 0x0000000092000000, 0x00000000d5580000)
  object space 294912K, 16% used [0x0000000080000000,0x0000000082fc1c70,0x0000000092000000)
 Metaspace       used 103041K, capacity 109201K, committed 109528K, reserved 1144832K
  class space    used 13303K, capacity 14458K, committed 14592K, reserved 1048576K
}
Event: 3387.337 GC heap before
{Heap before GC invocations=23 (full 4):
 PSYoungGen      total 397312K, used 391163K [0x00000000d5580000, 0x00000000f0280000, 0x0000000100000000)
  eden space 369152K, 100% used [0x00000000d5580000,0x00000000ebe00000,0x00000000ebe00000)
  from space 28160K, 78% used [0x00000000eda80000,0x00000000eeffed80,0x00000000ef600000)
  to   space 29184K, 0% used [0x00000000ebe00000,0x00000000ebe00000,0x00000000eda80000)
 ParOldGen       total 294912K, used 48903K [0x0000000080000000, 0x0000000092000000, 0x00000000d5580000)
  object space 294912K, 16% used [0x0000000080000000,0x0000000082fc1c70,0x0000000092000000)
 Metaspace       used 103367K, capacity 109529K, committed 109784K, reserved 1144832K
  class space    used 13315K, capacity 14466K, committed 14592K, reserved 1048576K
Event: 3387.365 GC heap after
Heap after GC invocations=23 (full 4):
 PSYoungGen      total 398336K, used 25219K [0x00000000d5580000, 0x00000000f4380000, 0x0000000100000000)
  eden space 369152K, 0% used [0x00000000d5580000,0x00000000d5580000,0x00000000ebe00000)
  from space 29184K, 86% used [0x00000000ebe00000,0x00000000ed6a0da8,0x00000000eda80000)
  to   space 31232K, 0% used [0x00000000f2500000,0x00000000f2500000,0x00000000f4380000)
 ParOldGen       total 294912K, used 48911K [0x0000000080000000, 0x0000000092000000, 0x00000000d5580000)
  object space 294912K, 16% used [0x0000000080000000,0x0000000082fc3c70,0x0000000092000000)
 Metaspace       used 103367K, capacity 109529K, committed 109784K, reserved 1144832K
  class space    used 13315K, capacity 14466K, committed 14592K, reserved 1048576K
}
Event: 3387.927 GC heap before
{Heap before GC invocations=24 (full 4):
 PSYoungGen      total 398336K, used 394371K [0x00000000d5580000, 0x00000000f4380000, 0x0000000100000000)
  eden space 369152K, 100% used [0x00000000d5580000,0x00000000ebe00000,0x00000000ebe00000)
  from space 29184K, 86% used [0x00000000ebe00000,0x00000000ed6a0da8,0x00000000eda80000)
  to   space 31232K, 0% used [0x00000000f2500000,0x00000000f2500000,0x00000000f4380000)
 ParOldGen       total 294912K, used 48911K [0x0000000080000000, 0x0000000092000000, 0x00000000d5580000)
  object space 294912K, 16% used [0x0000000080000000,0x0000000082fc3c70,0x0000000092000000)
 Metaspace       used 103645K, capacity 109829K, committed 110040K, reserved 1144832K
  class space    used 13320K, capacity 14472K, committed 14592K, reserved 1048576K
Event: 3387.948 GC heap after
Heap after GC invocations=24 (full 4):
 PSYoungGen      total 475648K, used 15652K [0x00000000d5580000, 0x00000000f4580000, 0x0000000100000000)
  eden space 444416K, 0% used [0x00000000d5580000,0x00000000d5580000,0x00000000f0780000)
  from space 31232K, 50% used [0x00000000f2500000,0x00000000f3449240,0x00000000f4380000)
  to   space 30208K, 0% used [0x00000000f0780000,0x00000000f0780000,0x00000000f2500000)
 ParOldGen       total 294912K, used 53575K [0x0000000080000000, 0x0000000092000000, 0x00000000d5580000)
  object space 294912K, 18% used [0x0000000080000000,0x0000000083451db8,0x0000000092000000)
 Metaspace       used 103645K, capacity 109829K, committed 110040K, reserved 1144832K
  class space    used 13320K, capacity 14472K, committed 14592K, reserved 1048576K
}
Event: 3388.728 GC heap before
{Heap before GC invocations=25 (full 4):
 PSYoungGen      total 475648K, used 460068K [0x00000000d5580000, 0x00000000f4580000, 0x0000000100000000)
  eden space 444416K, 100% used [0x00000000d5580000,0x00000000f0780000,0x00000000f0780000)
  from space 31232K, 50% used [0x00000000f2500000,0x00000000f3449240,0x00000000f4380000)
  to   space 30208K, 0% used [0x00000000f0780000,0x00000000f0780000,0x00000000f2500000)
 ParOldGen       total 294912K, used 53575K [0x0000000080000000, 0x0000000092000000, 0x00000000d5580000)
  object space 294912K, 18% used [0x0000000080000000,0x0000000083451db8,0x0000000092000000)
 Metaspace       used 103705K, capacity 109905K, committed 110040K, reserved 1144832K
  class space    used 13320K, capacity 14472K, committed 14592K, reserved 1048576K
Event: 3388.743 GC heap after
Heap after GC invocations=25 (full 4):
 PSYoungGen      total 474624K, used 7072K [0x00000000d5580000, 0x00000000f9b80000, 0x0000000100000000)
  eden space 444416K, 0% used [0x00000000d5580000,0x00000000d5580000,0x00000000f0780000)
  from space 30208K, 23% used [0x00000000f0780000,0x00000000f0e68040,0x00000000f2500000)
  to   space 30720K, 0% used [0x00000000f7d80000,0x00000000f7d80000,0x00000000f9b80000)
 ParOldGen       total 294912K, used 60311K [0x0000000080000000, 0x0000000092000000, 0x00000000d5580000)
  object space 294912K, 20% used [0x0000000080000000,0x0000000083ae5f28,0x0000000092000000)
 Metaspace       used 103705K, capacity 109905K, committed 110040K, reserved 1144832K
  class space    used 13320K, capacity 14472K, committed 14592K, reserved 1048576K
}
Event: 3390.456 GC heap before
{Heap before GC invocations=26 (full 4):
 PSYoungGen      total 474624K, used 451488K [0x00000000d5580000, 0x00000000f9b80000, 0x0000000100000000)
  eden space 444416K, 100% used [0x00000000d5580000,0x00000000f0780000,0x00000000f0780000)
  from space 30208K, 23% used [0x00000000f0780000,0x00000000f0e68040,0x00000000f2500000)
  to   space 30720K, 0% used [0x00000000f7d80000,0x00000000f7d80000,0x00000000f9b80000)
 ParOldGen       total 294912K, used 60311K [0x0000000080000000, 0x0000000092000000, 0x00000000d5580000)
  object space 294912K, 20% used [0x0000000080000000,0x0000000083ae5f28,0x0000000092000000)
 Metaspace       used 104422K, capacity 110691K, committed 110936K, reserved 1144832K
  class space    used 13390K, capacity 14551K, committed 14720K, reserved 1048576K
Event: 3390.499 GC heap after
Heap after GC invocations=26 (full 4):
 PSYoungGen      total 562176K, used 28067K [0x00000000d5580000, 0x00000000fa100000, 0x0000000100000000)
  eden space 531456K, 0% used [0x00000000d5580000,0x00000000d5580000,0x00000000f5c80000)
  from space 30720K, 91% used [0x00000000f7d80000,0x00000000f98e8c08,0x00000000f9b80000)
  to   space 33792K, 0% used [0x00000000f5c80000,0x00000000f5c80000,0x00000000f7d80000)
 ParOldGen       total 294912K, used 62464K [0x0000000080000000, 0x0000000092000000, 0x00000000d5580000)
  object space 294912K, 21% used [0x0000000080000000,0x0000000083d00190,0x0000000092000000)
 Metaspace       used 104422K, capacity 110691K, committed 110936K, reserved 1144832K
  class space    used 13390K, capacity 14551K, committed 14720K, reserved 1048576K
}

Deoptimization events (10 events):
Event: 3389.924 Thread 0x000000001c236000 Uncommon trap: reason=unstable_if action=reinterpret pc=0x0000000003f6c630 method=java.util.Arrays.hashCode([Ljava/lang/Object;)I @ 1
Event: 3389.924 Thread 0x000000001c236800 Uncommon trap: reason=unstable_if action=reinterpret pc=0x0000000003f6c630 method=java.util.Arrays.hashCode([Ljava/lang/Object;)I @ 1
Event: 3389.924 Thread 0x000000001c23a800 Uncommon trap: reason=unstable_if action=reinterpret pc=0x0000000003f6c630 method=java.util.Arrays.hashCode([Ljava/lang/Object;)I @ 1
Event: 3389.924 Thread 0x000000001f078800 Uncommon trap: reason=unstable_if action=reinterpret pc=0x0000000003f6c630 method=java.util.Arrays.hashCode([Ljava/lang/Object;)I @ 1
Event: 3389.925 Thread 0x0000000020b5c000 Uncommon trap: reason=unstable_if action=reinterpret pc=0x0000000003f6c630 method=java.util.Arrays.hashCode([Ljava/lang/Object;)I @ 1
Event: 3389.925 Thread 0x0000000020b5f000 Uncommon trap: reason=unstable_if action=reinterpret pc=0x0000000003f6c630 method=java.util.Arrays.hashCode([Ljava/lang/Object;)I @ 1
Event: 3390.382 Thread 0x000000001c236000 Uncommon trap: reason=null_check action=make_not_entrant pc=0x000000000521d880 method=com.android.tools.r8.graph.e0.computeEquals(Ljava/lang/Object;)Z @ 1
Event: 3390.382 Thread 0x000000001c236000 Uncommon trap: reason=unstable_if action=reinterpret pc=0x0000000006a3ea68 method=java.util.Arrays.equals([Ljava/lang/Object;[Ljava/lang/Object;)Z @ 52
Event: 3390.708 Thread 0x000000001f07a000 Uncommon trap: reason=unstable_if action=reinterpret pc=0x0000000003fc5268 method=org.gradle.internal.snapshot.PathUtil.equalChars(CCLorg/gradle/internal/snapshot/CaseSensitivity;)Z @ 40
Event: 3390.734 Thread 0x000000001f07d800 Uncommon trap: reason=unstable_if action=reinterpret pc=0x0000000004b745a4 method=java.nio.Bits.copyToArray(JLjava/lang/Object;JJJ)V @ 19

Classes redefined (0 events):
No events

Internal exceptions (10 events):
Event: 3389.819 Thread 0x000000001f3fe000 Exception <a 'sun/nio/fs/WindowsException'> (0x00000000eb90c3b0) thrown at [C:\src\AOSP-openjdk-git\hotspot\src\share\vm\prims\jni.cpp, line 710]
Event: 3389.924 Thread 0x000000001c236000 Implicit null exception at 0x0000000003f6c52f to 0x0000000003f6c621
Event: 3389.924 Thread 0x000000001c236800 Implicit null exception at 0x0000000003f6c52f to 0x0000000003f6c621
Event: 3389.924 Thread 0x000000001c23a800 Implicit null exception at 0x0000000003f6c52f to 0x0000000003f6c621
Event: 3389.924 Thread 0x000000001f078800 Implicit null exception at 0x0000000003f6c52f to 0x0000000003f6c621
Event: 3389.924 Thread 0x0000000020b5c000 Implicit null exception at 0x0000000003f6c52f to 0x0000000003f6c621
Event: 3389.924 Thread 0x0000000020b5f000 Implicit null exception at 0x0000000003f6c52f to 0x0000000003f6c621
Event: 3390.382 Thread 0x000000001c236000 Implicit null exception at 0x000000000521d70f to 0x000000000521d871
Event: 3390.661 Thread 0x000000001c236000 Exception <a 'sun/nio/fs/WindowsException'> (0x00000000d5fe8030) thrown at [C:\src\AOSP-openjdk-git\hotspot\src\share\vm\prims\jni.cpp, line 710]
Event: 3390.740 Thread 0x000000001f07d800 Exception <a 'sun/nio/fs/WindowsException'> (0x00000000d6d7e7c0) thrown at [C:\src\AOSP-openjdk-git\hotspot\src\share\vm\prims\jni.cpp, line 710]

Events (10 events):
Event: 3391.172 Thread 0x000000001f07d800 DEOPT PACKING pc=0x000000000440b586 sp=0x0000000028d6d6d0
Event: 3391.172 Thread 0x000000001f07d800 DEOPT UNPACKING pc=0x00000000035d75d0 sp=0x0000000028d6d448 mode 0
Event: 3391.177 Thread 0x000000001f07d800 DEOPT PACKING pc=0x000000000440b586 sp=0x0000000028d6d6d0
Event: 3391.177 Thread 0x000000001f07d800 DEOPT UNPACKING pc=0x00000000035d75d0 sp=0x0000000028d6d448 mode 0
Event: 3391.185 Thread 0x000000001f07d800 DEOPT PACKING pc=0x000000000440b586 sp=0x0000000028d6d6e0
Event: 3391.185 Thread 0x000000001f07d800 DEOPT UNPACKING pc=0x00000000035d75d0 sp=0x0000000028d6d458 mode 0
Event: 3391.189 Thread 0x000000001f07d800 DEOPT PACKING pc=0x000000000440b586 sp=0x0000000028d6d6e0
Event: 3391.189 Thread 0x000000001f07d800 DEOPT UNPACKING pc=0x00000000035d75d0 sp=0x0000000028d6d458 mode 0
Event: 3391.200 Thread 0x000000001f07d800 DEOPT PACKING pc=0x000000000440b586 sp=0x0000000028d6d6e0
Event: 3391.200 Thread 0x000000001f07d800 DEOPT UNPACKING pc=0x00000000035d75d0 sp=0x0000000028d6d458 mode 0


Dynamic libraries:
0x00007ff624110000 - 0x00007ff624141000 	E:\AS\android-studio\jre\bin\java.exe
0x00007ff8befd0000 - 0x00007ff8bf1c8000 	C:\WINDOWS\SYSTEM32\ntdll.dll
0x00007ff8beed0000 - 0x00007ff8bef8f000 	C:\WINDOWS\System32\KERNEL32.DLL
0x00007ff8bca20000 - 0x00007ff8bccfa000 	C:\WINDOWS\System32\KERNELBASE.dll
0x00007ff8be420000 - 0x00007ff8be4ce000 	C:\WINDOWS\System32\ADVAPI32.dll
0x00007ff8be820000 - 0x00007ff8be8be000 	C:\WINDOWS\System32\msvcrt.dll
0x00007ff8bee30000 - 0x00007ff8beecc000 	C:\WINDOWS\System32\sechost.dll
0x00007ff8bdc20000 - 0x00007ff8bdd46000 	C:\WINDOWS\System32\RPCRT4.dll
0x00007ff8bea00000 - 0x00007ff8beb9d000 	C:\WINDOWS\System32\USER32.dll
0x00007ff8bd000000 - 0x00007ff8bd022000 	C:\WINDOWS\System32\win32u.dll
0x00007ff8bece0000 - 0x00007ff8bed0b000 	C:\WINDOWS\System32\GDI32.dll
0x00007ff8bcd00000 - 0x00007ff8bce10000 	C:\WINDOWS\System32\gdi32full.dll
0x00007ff8bc8f0000 - 0x00007ff8bc98d000 	C:\WINDOWS\System32\msvcp_win.dll
0x00007ff8bce10000 - 0x00007ff8bcf10000 	C:\WINDOWS\System32\ucrtbase.dll
0x00007ff8a98c0000 - 0x00007ff8a9b5a000 	C:\WINDOWS\WinSxS\amd64_microsoft.windows.common-controls_6595b64144ccf1df_6.0.19041.1110_none_60b5254171f9507e\COMCTL32.dll
0x00007ff8beba0000 - 0x00007ff8bebd0000 	C:\WINDOWS\System32\IMM32.DLL
0x00007ff8bb2e0000 - 0x00007ff8bb2f7000 	C:\visteam\wwall\wwconver64.dll
0x00007ff8be9a0000 - 0x00007ff8be9f5000 	C:\WINDOWS\System32\SHLWAPI.dll
0x00007ff8bb220000 - 0x00007ff8bb2dc000 	C:\visteam\wwall\wwkrn64.dll
0x00007ff8bd0b0000 - 0x00007ff8bd7f4000 	C:\WINDOWS\System32\SHELL32.dll
0x00007ff8be220000 - 0x00007ff8be34a000 	C:\WINDOWS\System32\ole32.dll
0x00007ff8bd8b0000 - 0x00007ff8bdc04000 	C:\WINDOWS\System32\combase.dll
0x000000006b460000 - 0x000000006b532000 	E:\AS\android-studio\jre\jre\bin\msvcr100.dll
0x000000006b540000 - 0x000000006bd8b000 	E:\AS\android-studio\jre\jre\bin\server\jvm.dll
0x00007ff8bec40000 - 0x00007ff8bec48000 	C:\WINDOWS\System32\PSAPI.DLL
0x00007ff898130000 - 0x00007ff898139000 	C:\WINDOWS\SYSTEM32\WSOCK32.dll
0x00007ff8bebd0000 - 0x00007ff8bec3b000 	C:\WINDOWS\System32\WS2_32.dll
0x00007ff8a31b0000 - 0x00007ff8a31d7000 	C:\WINDOWS\SYSTEM32\WINMM.dll
0x00007ff8bad50000 - 0x00007ff8bad5a000 	C:\WINDOWS\SYSTEM32\VERSION.dll
0x00007ff8bad70000 - 0x00007ff8bad7f000 	E:\AS\android-studio\jre\jre\bin\verify.dll
0x00007ff8b39e0000 - 0x00007ff8b3a09000 	E:\AS\android-studio\jre\jre\bin\java.dll
0x00007ff8bacf0000 - 0x00007ff8bad06000 	E:\AS\android-studio\jre\jre\bin\zip.dll
0x00007ff8ba500000 - 0x00007ff8bac93000 	C:\WINDOWS\SYSTEM32\windows.storage.dll
0x00007ff8bc140000 - 0x00007ff8bc16e000 	C:\WINDOWS\SYSTEM32\Wldp.dll
0x00007ff8be5b0000 - 0x00007ff8be65d000 	C:\WINDOWS\System32\SHCORE.dll
0x00007ff8bc620000 - 0x00007ff8bc63f000 	C:\WINDOWS\SYSTEM32\profapi.dll
0x00007ff8ba4e0000 - 0x00007ff8ba4fa000 	E:\AS\android-studio\jre\jre\bin\net.dll
0x00007ff8bbea0000 - 0x00007ff8bbf0a000 	C:\WINDOWS\system32\mswsock.dll
0x00007ff8b76d0000 - 0x00007ff8b76e3000 	E:\AS\android-studio\jre\jre\bin\nio.dll
0x00007ff8ab3c0000 - 0x00007ff8ab3e6000 	C:\Users\lenovo\.gradle\native\31\windows-amd64\native-platform.dll
0x00007ff8bad30000 - 0x00007ff8bad3d000 	E:\AS\android-studio\jre\jre\bin\management.dll
0x00007ff8bc0a0000 - 0x00007ff8bc0b8000 	C:\WINDOWS\SYSTEM32\CRYPTSP.dll
0x00007ff8bb750000 - 0x00007ff8bb784000 	C:\WINDOWS\system32\rsaenh.dll
0x00007ff8bcf80000 - 0x00007ff8bcfa7000 	C:\WINDOWS\System32\bcrypt.dll
0x00007ff8bc5a0000 - 0x00007ff8bc5ce000 	C:\WINDOWS\SYSTEM32\USERENV.dll
0x00007ff8bc990000 - 0x00007ff8bca12000 	C:\WINDOWS\System32\bcryptprimitives.dll
0x00007ff8bc090000 - 0x00007ff8bc09c000 	C:\WINDOWS\SYSTEM32\CRYPTBASE.dll
0x00007ff8bbb40000 - 0x00007ff8bbb7c000 	C:\WINDOWS\SYSTEM32\IPHLPAPI.DLL
0x00007ff8bdc10000 - 0x00007ff8bdc18000 	C:\WINDOWS\System32\NSI.dll
0x00007ff8aed30000 - 0x00007ff8aed47000 	C:\WINDOWS\SYSTEM32\dhcpcsvc6.DLL
0x00007ff8aed70000 - 0x00007ff8aed8d000 	C:\WINDOWS\SYSTEM32\dhcpcsvc.DLL
0x00007ff8bbb80000 - 0x00007ff8bbc4b000 	C:\WINDOWS\SYSTEM32\DNSAPI.dll
0x00007ff8bb870000 - 0x00007ff8bb8a3000 	C:\WINDOWS\SYSTEM32\ntmarta.dll
0x00007ff8a0590000 - 0x00007ff8a072c000 	E:\AS\android-studio\jre\jre\bin\awt.dll
0x00007ff8be350000 - 0x00007ff8be41d000 	C:\WINDOWS\System32\OLEAUT32.dll
0x00007ff8b9d40000 - 0x00007ff8b9d6f000 	C:\WINDOWS\SYSTEM32\dwmapi.dll
0x00007ff8b8190000 - 0x00007ff8b8750000 	C:\WINDOWS\SYSTEM32\d2d1.dll
0x00007ff8b9810000 - 0x00007ff8b98a0000 	C:\WINDOWS\SYSTEM32\apphelp.dll
0x00007ff8b98c0000 - 0x00007ff8b995e000 	C:\WINDOWS\system32\uxtheme.dll

VM Arguments:
jvm_args: -Xmx2048m -Dfile.encoding=UTF-8 -Duser.country=CN -Duser.language=zh -Duser.variant 
java_command: org.gradle.launcher.daemon.bootstrap.GradleDaemon 6.1.1
java_class_path (initial): C:\Users\lenovo\.gradle\wrapper\dists\gradle-6.1.1-all\cfmwm155h49vnt3hynmlrsdst\gradle-6.1.1\lib\gradle-launcher-6.1.1.jar
Launcher Type: SUN_STANDARD

Environment Variables:
PATH=C:\Windows\system32;C:\Windows;C:\Windows\System32\Wbem;C:\Windows\System32\WindowsPowerShell\v1.0\;C:\Windows\System32\OpenSSH\;C:\Program Files (x86)\NVIDIA Corporation\PhysX\Common;C:\Program Files\NVIDIA Corporation\NVIDIA NvDLISR;C:\Program Files\Microsoft SQL Server\130\Tools\Binn\;C:\Program Files\Microsoft SQL Server\Client SDK\ODBC\170\Tools\Binn\;E:\SVN\bin;C:\Program Files (x86)\Microsoft SQL Server\150\Tools\Binn\;C:\Program Files\Microsoft SQL Server\150\Tools\Binn\;C:\Program Files (x86)\Microsoft SQL Server\150\DTS\Binn\;C:\Program Files\Microsoft SQL Server\150\DTS\Binn\;C:\Windows\System32;C:\Program Files\dotnet\;C:\WINDOWS\system32;C:\WINDOWS;C:\WINDOWS\System32\Wbem;C:\WINDOWS\System32\WindowsPowerShell\v1.0\;C:\WINDOWS\System32\OpenSSH\;E:\SDK\platform-tools;E:\SDK\ndk\25.1.8937393\build;C:\Users\lenovo\AppData\Local\Microsoft\WindowsApps;C:\Users\lenovo\.dotnet\tools;C:\Program Files (x86)\AllWinnerTech\PhoenixSuit\;E:\VsCode\Microsoft VS Code\bin;E:\SDK\platform-tools;;%DevEco Studio%
USERNAME=lenovo
OS=Windows_NT
PROCESSOR_IDENTIFIER=Intel64 Family 6 Model 158 Stepping 10, GenuineIntel



---------------  S Y S T E M  ---------------

OS: Windows 10.0 , 64 bit Build 19041 (10.0.19041.2788)

CPU:total 8 (initial active 8) (4 cores per cpu, 2 threads per core) family 6 model 158 stepping 10, cmov, cx8, fxsr, mmx, sse, sse2, sse3, ssse3, sse4.1, sse4.2, popcnt, avx, avx2, aes, clmul, erms, 3dnowpref, lzcnt, ht, tsc, tscinvbit, bmi1, bmi2, adx

Memory: 4k page, physical 16646388k(2693040k free), swap 29753584k(6108k free)

vm_info: OpenJDK 64-Bit Server VM (25.242-b01) for windows-amd64 JRE (1.8.0_242-release-1644-b01), built by "builder" with MS VC++ 10.0 (VS2010)

time: Thu Apr 27 15:46:18 2023
timezone: 中国标准时间
elapsed time: 3391 seconds (0d 0h 56m 31s)

